2022-12-23 16:18:16,542 CRITICAL: can only concatenate str (not "list") to str
2022-12-23 16:19:04,899 INFO: Tracks added to playlist
2022-12-23 16:19:04,900 INFO: Lebanese Blonde
2022-12-23 16:19:04,900 INFO: Classic
2022-12-23 16:19:04,900 INFO: Sleepyhead
2022-12-23 16:19:04,900 INFO: Shake It Off
2022-12-23 16:19:04,900 INFO: Party In The U.S.A.
2022-12-23 16:19:04,900 INFO: Que Sera
2022-12-23 16:19:04,900 INFO: Keep Holding On
2022-12-23 16:19:04,900 INFO: Hold On, I'm Comin'
2022-12-23 16:19:04,900 INFO: Crank Dat
2022-12-23 16:19:04,900 INFO: Just My Imagination (Running Away With Me)
2022-12-23 16:19:04,900 INFO: That's How Strong My Love Is
2022-12-23 16:19:04,900 INFO: In My Mind (Axwell Radio Edit)
2022-12-23 16:19:04,901 INFO: Let's Stay Together
2022-12-23 16:19:04,901 INFO: Hot Like Sauce
2022-12-23 16:19:04,901 INFO: Remembering Sunday
2022-12-23 16:19:04,901 INFO: Transatlanticism
2022-12-23 16:19:04,901 INFO: Hypercaine
2022-12-23 16:19:04,901 INFO: Dynamo
2022-12-23 16:19:04,901 INFO: You Are The Sunshine Of My Life
2022-12-23 16:19:04,901 INFO: All I Want
2022-12-23 16:19:05,906 INFO: Spotify playlist 'I am on the beach feeling great - DL Project' was created for Spotify user 'amytude77'.
2022-12-23 16:22:51,741 INFO: Tracks added to playlist
2022-12-23 16:22:51,742 INFO: Big Jet Plane - Radio Edit
2022-12-23 16:22:51,742 INFO: You Belong With Me
2022-12-23 16:22:51,742 INFO: Angel
2022-12-23 16:22:51,742 INFO: Bang Bang - My Baby Shot Me Down
2022-12-23 16:22:51,742 INFO: Happy Anniversary
2022-12-23 16:22:51,742 INFO: In Case
2022-12-23 16:22:51,742 INFO: Free Fallin' - Live at the Nokia Theatre, Los Angeles, CA - December 2007
2022-12-23 16:22:51,742 INFO: Thirteen Thirty-Five
2022-12-23 16:22:51,742 INFO: Fall For You
2022-12-23 16:22:51,743 INFO: Still
2022-12-23 16:22:51,743 INFO: You Found Me
2022-12-23 16:22:51,743 INFO: Payphone
2022-12-23 16:22:51,743 INFO: Don't Cry (Original)
2022-12-23 16:22:51,743 INFO: Welcome Home, Son
2022-12-23 16:22:51,743 INFO: Laura
2022-12-23 16:22:51,743 INFO: Outside
2022-12-23 16:22:51,743 INFO: All of Me
2022-12-23 16:22:51,743 INFO: Nothing
2022-12-23 16:22:51,743 INFO: Shine On
2022-12-23 16:22:51,743 INFO: lousy truth
2022-12-23 16:22:52,418 INFO: Spotify playlist 'I am on the beach feeling sad - DL Project' was created for Spotify user 'amytude77'.
