2023-01-30 18:37:58,952 INFO: Tracks added to playlist
2023-01-30 18:37:58,953 INFO: Where's Your Head At
2023-01-30 18:37:58,953 INFO: Help Me Lose My Mind
2023-01-30 18:37:58,953 INFO: You
2023-01-30 18:37:58,953 INFO: Love Lost
2023-01-30 18:37:58,953 INFO: Musique - Original Mix
2023-01-30 18:37:58,953 INFO: Afterglow - Dyro Remix
2023-01-30 18:37:58,953 INFO: The City
2023-01-30 18:37:58,953 INFO: No Stress (feat. Eric Carter) - Radio Edit
2023-01-30 18:37:58,953 INFO: Dear Life (feat. Jaw)
2023-01-30 18:37:58,953 INFO: Goddess of Love
2023-01-30 18:37:58,953 INFO: Omen - Radio Edit
2023-01-30 18:37:58,953 INFO: Bang It To The Curb
2023-01-30 18:37:58,953 INFO: Maybe
2023-01-30 18:37:58,953 INFO: Sexual Healing - Kygo Radio Edit
2023-01-30 18:37:58,954 INFO: Runaway (U & I)
2023-01-30 18:37:58,954 INFO: Move Me - Extended Mix
2023-01-30 18:37:58,954 INFO: Happy Violence - Instrumental
2023-01-30 18:37:58,954 INFO: Hold Your Hand
2023-01-30 18:37:58,954 INFO: Waiting For Love
2023-01-30 18:37:58,954 INFO: Bamboo
2023-01-30 18:38:43,403 INFO: Tracks added to playlist
2023-01-30 18:38:43,403 INFO: Chasing Ghosts - Radio Edit
2023-01-30 18:38:43,403 INFO: Remember House - Radio Edit
2023-01-30 18:38:43,404 INFO: Lucky Star
2023-01-30 18:38:43,404 INFO: Talking Body - KREAM Remix
2023-01-30 18:38:43,404 INFO: Gold (feat. Yuna)
2023-01-30 18:38:43,404 INFO: Alone With You
2023-01-30 18:38:43,404 INFO: Together - Radio Edit
2023-01-30 18:38:43,404 INFO: Lean On (feat. MØ & DJ Snake)
2023-01-30 18:38:43,404 INFO: Holding On (feat. Sam Dew)
2023-01-30 18:38:43,404 INFO: Unmissable
2023-01-30 18:38:43,404 INFO: Funk With Me (feat. Big Gigantic)
2023-01-30 18:38:43,404 INFO: Deep Inside - Low Steppa Remix
2023-01-30 18:38:43,404 INFO: The Mara - Duke Dumont Edit
2023-01-30 18:38:43,404 INFO: Run Away With Me - Cyril Hahn Remix
2023-01-30 18:38:43,404 INFO: Chicago Swing
2023-01-30 18:38:43,404 INFO: Heaven (Beautiful Life)
2023-01-30 18:38:43,404 INFO: You & Me - Flume Remix
2023-01-30 18:38:43,404 INFO: Never Say Never
2023-01-30 18:38:43,404 INFO: Love Is Gone - Fuzzy Hair Rmx
2023-01-30 18:38:43,405 INFO: Body Talk
2023-01-31 13:03:20,466 INFO: Tracks added to playlist
2023-01-31 13:03:20,467 INFO: Samson
2023-01-31 13:03:20,467 INFO: All of the Stars
2023-01-31 13:03:20,467 INFO: Safe And Sound
2023-01-31 13:03:20,467 INFO: Impossible
2023-01-31 13:03:20,468 INFO: Babes Anatomy (Adam's Lambaca Remix)
2023-01-31 13:03:20,468 INFO: Fast Car
2023-01-31 13:03:20,468 INFO: Just Give Me a Reason (feat. Nate Ruess)
2023-01-31 13:03:20,468 INFO: Cinema (feat. Gary Go) - Skrillex Remix
2023-01-31 13:03:20,468 INFO: This Years Love
2023-01-31 13:03:20,468 INFO: That's How Strong My Love Is
2023-01-31 13:03:20,468 INFO: Omgyjya-Switch7
2023-01-31 13:03:20,468 INFO: Nothing
2023-01-31 13:03:20,468 INFO: Moves Like Jagger - Studio Recording From "The Voice" Performance
2023-01-31 13:03:20,468 INFO: A Sky Full of Stars
2023-01-31 13:03:20,468 INFO: Just The Two Of Us
2023-01-31 13:03:20,468 INFO: Under BOAC
2023-01-31 13:03:20,468 INFO: Remembering Sunday
2023-01-31 13:03:20,468 INFO: Do You Know Squarepusher
2023-01-31 13:03:20,468 INFO: Budapest
2023-01-31 13:03:20,468 INFO: Can't Hold Us (feat. Ray Dalton)
2023-01-31 13:03:21,305 INFO: Spotify playlist 'I am on the roof feel like about to jump - DL Project' was created for Spotify user 'amytude77'.
2023-01-31 13:04:28,262 INFO: Tracks added to playlist
2023-01-31 13:04:28,264 INFO: Last Day of Disco
2023-01-31 13:04:28,264 INFO: Drop It - 7" Radio Edit
2023-01-31 13:04:28,264 INFO: Midnight Sun
2023-01-31 13:04:28,264 INFO: Puppet Theatre (feat. Peter, Bjorn and John)
2023-01-31 13:04:28,264 INFO: Raven
2023-01-31 13:04:28,264 INFO: My Love
2023-01-31 13:04:28,264 INFO: Illmerica
2023-01-31 13:04:28,264 INFO: Till It Hurts
2023-01-31 13:04:28,264 INFO: Wanna Do (feat. Emil)
2023-01-31 13:04:28,264 INFO: Uncea
2023-01-31 13:04:28,264 INFO: Goodbye (feat. Lyse) - Radio Edit
2023-01-31 13:04:28,265 INFO: Show Me Love - EDX Remix / Radio Edit
2023-01-31 13:04:28,265 INFO: Attak
2023-01-31 13:04:28,265 INFO: In The Dark - Odd Mob Remix
2023-01-31 13:04:28,265 INFO: Touch
2023-01-31 13:04:28,265 INFO: Music Sounds Better With You - 12" Club Mix
2023-01-31 13:04:28,265 INFO: Devil (feat. Busta Rhymes, B.o.B & Neon Hitch)
2023-01-31 13:04:28,265 INFO: Chasing Ghosts - Radio Edit
2023-01-31 13:04:28,265 INFO: Elouisa
2023-01-31 13:04:28,265 INFO: Can't Stop Playing (Makes Me High) - Oliver Heldens & Gregor Salto Vocal Mix Edit
2023-01-31 13:04:28,932 INFO: Spotify playlist 'I am on the beach feel dancing till the sun goes down - DL Project' was created for Spotify user 'amytude77'.
